[LOG] System::create                           : Header version = 1.09.06. Current version = 1.09.06.
[LOG] Manager::init                            : maxchannels = 256 studioflags = 00000006 flags 00000000 extradriverdata 0000000000000000.
[LOG] SystemI::init                            : FMOD Studio Version: 00010906 (88495)
[LOG] SystemI::init                            : maxchannels = 256, flags = 00020000, extradriverdata = 0000000000000000
[LOG] SystemI::setOutputInternal               : Setting output to type 0
[LOG] SystemI::setOutputInternal               : Setting output to type 8
[LOG] SystemI::setOutputInternal               : Setting output to type 8
[LOG] OutputWASAPI::init                       : Mix Format (WAVEFORMATEX): wFormatTag=0xFFFE, nChannels=2, nSamplesPerSec=44100, nAvgBytesPerSec=352800, nBlockAlign=8, wBitsPerSample=32, cbSize=22.
[LOG] OutputWASAPI::init                       : Mix Format (WAVEFORMATEXTENSIBLE): wValidBitsPerSample=32, dwChannelMask=0x00000003, SubFormat=00000003-0000-0010-8000-00AA00389B71.
[LOG] OutputWASAPI::init                       : Output buffer size: 3760 samples, latency: 0.00ms, period: 10.00ms, DSP buffer: 1024 * 4
[WRN] SystemI::init                            : Output requires a sample rate of 44100Hz, resampling will occur.
[LOG] SystemI::init                            : Create master channel group and master sound group.
[LOG] SystemI::init                            : Set up emulated output.  256 channels
[LOG] SystemI::init                            : create the channel pool
[LOG] SystemI::init                            : create the stream thread
[LOG] Thread::initThread                       : Init FMOD stream thread. Priority: 2, Stack Size: 65536, Semaphore: No, Sleep Time: 10, Looping: Yes.
[LOG] Thread::initThread                       : Init FMOD mixer thread. Priority: 3, Stack Size: 49152, Semaphore: No, Sleep Time: 0, Looping: Yes.
[LOG] AsyncManager::init                       : manager 0000000042DDAEB8 isAsync 0 updatePeriod 0.02
[LOG] AsyncManager::init                       : done
[LOG] PlaybackSystem::init                     : 
[LOG] Thread::initThread                       : Init FMOD Studio sample load thread. Priority: 0, Stack Size: 65536, Semaphore: No, Sleep Time: 1, Looping: No.
[LOG] PlaybackSystem::init                     : done
[LOG] Thread::initThread                       : Init FMOD Studio bank load thread. Priority: 0, Stack Size: 65536, Semaphore: No, Sleep Time: 1, Looping: No.
[LOG] Manager::init                            : done.
[LOG] Manager::readBank                        : fileversion = 88, compatVersion = 86 (oldest = 44, newest = 88)
[LOG] SystemI::createSoundInternal             : filename =  : mode 02000202
[LOG] SystemI::createSoundInternal             : exinfo->cbsize             = 232
[LOG] SystemI::createSoundInternal             : exinfo->length             = 11705952
[LOG] SystemI::createSoundInternal             : exinfo->fileoffset         = 162112
[LOG] SystemI::createSoundInternal             : exinfo->numsubsounds       = 1
[LOG] SystemI::createSoundInternal             : exinfo->inclusionlist      = 000000006AE5FBF8
[LOG] SystemI::createSoundInternal             : exinfo->inclusionlistnum   = 1
[LOG] SystemI::createSoundInternal             : exinfo->suggestedsoundtype = 5
[LOG] SystemI::createSoundInternal             : exinfo->useropen           = 00007FFA2B567110
[LOG] SystemI::createSoundInternal             : exinfo->userclose          = 00007FFA2B5670E0
[LOG] SystemI::createSoundInternal             : exinfo->userread           = 00007FFA2B5671E0
[LOG] SystemI::createSoundInternal             : exinfo->userseek           = 00007FFA2B567290
[LOG] SystemI::createSoundInternal             : exinfo->fileuserdata       = 0000000042C9BF28
[LOG] SystemI::DSPCodecPoolRegister            : register codec pool for pool type 5
[LOG] SystemI::createSoundInternal             : Format has 1 subsounds.
[LOG] SystemI::createSoundInternal             : Create as FMOD_CREATESAMPLE
[LOG] SystemI::createSoundInternal             : Multi-sample sound (1 subsounds), create a sample container.
[LOG] SystemI::createSoundInternal             : creating subsound 0/1
[LOG] SystemI::createSample                    : mode 02000202 length 19200 samples, lengthbytes 4896
[LOG] SystemI::createSample                    : channels = 2
[LOG] SystemI::createSample                    : output = 000000005A674A18
[LOG] OutputSoftware::createSample             : lengthpcm 19200, lengthbytes 4896, channels 2, format 2, freq 48000, mode 0200020a
[LOG] SystemI::createSoundInternal             : No name found in file, use filename.
[LOG] SystemI::createSoundInternal             : done.  OpenState now = FMOD_OPENSTATE_READY.

[LOG] Manager::readBank                        : fileversion = 88, compatVersion = 86 (oldest = 44, newest = 88)
[LOG] SystemI::createSound                     : filename = Assets\Resources\Fmod\Buggin_Out_Fmod\Build\Desktop/Master Bank.bank : mode 02012082
[LOG] SystemI::createSound                     : FMOD_NONBLOCKING specified.  Putting into queue to be opened asynchronously!
[LOG] Thread::initThread                       : Init FMOD nonblocking thread (0). Priority: 1, Stack Size: 81920, Semaphore: Yes, Sleep Time: 0, Looping: Yes.
[LOG] SystemI::createSound                     : setdata soundi = 00000000430DD678 : node = 000000005AC2B260
[LOG] SystemI::createSound                     : add node to async list : head = 000000005A651698.  list count = 0
[LOG] AsyncThread::threadFunc                  : Starting Asynchronous operation on sound 00000000430DD678
[LOG] SystemI::createSoundInternal             :     filename = Assets\Resources\Fmod\Buggin_Out_Fmod\Build\Desktop/Master Bank.bank : mode 02012082
[LOG] SystemI::createSoundInternal             :     exinfo->cbsize             = 232
[LOG] SystemI::createSoundInternal             :     exinfo->length             = 11705952
[LOG] SystemI::createSoundInternal             :     exinfo->fileoffset         = 162112
[LOG] SystemI::createSoundInternal             :     exinfo->numsubsounds       = 1
[LOG] SystemI::createSoundInternal             :     exinfo->inclusionlist      = 000000005AC2B378
[LOG] SystemI::createSoundInternal             :     exinfo->inclusionlistnum   = 1
[LOG] SystemI::createSoundInternal             :     exinfo->suggestedsoundtype = 5
[LOG] SystemI::createSoundInternal             :     Format has 1 subsounds.
[LOG] SystemI::createSoundInternal             :     Create as FMOD_CREATESTREAM
[LOG] System::createSoundInternal              :     decode buffersize = 19200 : blocksize = 256 : format = 2
[LOG] SystemI::createSample                    :     mode 02012082 length 19200 samples, lengthbytes 292096
[LOG] SystemI::createSample                    :     channels = 2
[LOG] SystemI::createSample                    :     output = 000000005A674A18
[LOG] OutputSoftware::createSample             :     lengthpcm 19200, lengthbytes 292096, channels 2, format 2, freq 48000, mode 0201208a
[LOG] System::createSoundInternal              :     1 subsounds detected.
[LOG] System::createSoundInternal              :     Seek stream to start
[LOG] System::createSoundInternal              :     switch file handle from small blocking single buffered to large nonblocking doublebuffered.
[LOG] Thread::initThread                       :         Init FMOD file thread. Priority: 1, Stack Size: 16384, Semaphore: No, Sleep Time: 10, Looping: Yes.
[LOG] SystemI::createSoundInternal             :     done.  OpenState now = FMOD_OPENSTATE_READY.

[LOG] AsyncThread::threadFunc                  : Finished Asynchronous operation on sound 00000000430DD678
[LOG] SoundI::getSubSound                      : sound 00000000430DD678.  Subsound index 0 / 1
[LOG] SoundI::getSubSound                      : starting non blocking seek and setting sound to not ready state
[LOG] SoundI::getSubSound                      : finished preparing nonblocking getSubSound seek
[LOG] AsyncThread::threadFunc                  : Starting Asynchronous operation on sound 00000000430DC3E8
[LOG] AsyncThread::threadFunc                  :     done setposition
[LOG] AsyncThread::threadFunc                  :     done flush
[LOG] AsyncThread::threadFunc                  : Finished Asynchronous operation on sound 00000000430DC3E8
[LOG] AsyncThread::threadFunc                  : Starting Asynchronous operation on sound 00000000430DC3E8
[LOG] AsyncThread::threadFunc                  : Finished Asynchronous operation on sound 00000000430DC3E8
[LOG] Manager::readBank                        : fileversion = 88, compatVersion = 86 (oldest = 44, newest = 88)
[LOG] SoundI::release                          : 02-Loop01_MainTheme (00000000430DD678)
[LOG] SoundI::release                          : remove stream samples. (00000000430DD678)
[LOG] SoundI::release                          :     02-Loop01_MainTheme (000000005A6501C8)
[LOG] SoundI::release                          :     done
[LOG] SoundI::release                          : release subsounds. (00000000430DD678)
[LOG] SoundI::release                          :     02-Loop01_MainTheme (00000000430DC3E8)
[LOG] SoundI::release                          :     done
[LOG] SoundI::release                          : release codec. (00000000430DD678)
[LOG] SoundI::release                          : done
[LOG] SoundI::release                          :  (000000005A5E1628)
[LOG] SoundI::release                          : release subsounds. (000000005A5E1628)
[LOG] SoundI::release                          :     standby (000000005A64FE88)
[LOG] SoundI::release                          :     done
[LOG] SoundI::release                          : release codec. (000000005A5E1628)
[LOG] SoundI::release                          : done
[LOG] SoundI::release                          :  (000000005A5E1348)
[LOG] SoundI::release                          : release subsounds. (000000005A5E1348)
[LOG] SoundI::release                          :     01-Intro_MainTheme (000000005A650368)
[LOG] SoundI::release                          :     done
[LOG] SoundI::release                          : release codec. (000000005A5E1348)
[LOG] SoundI::release                          : done
[LOG] SoundI::release                          :  (000000005A5E1BE8)
[LOG] SoundI::release                          : release subsounds. (000000005A5E1BE8)
[LOG] SoundI::release                          :     03-Transition01_MainTheme (000000004344F8B8)
[LOG] SoundI::release                          :     done
[LOG] SoundI::release                          : release codec. (000000005A5E1BE8)
[LOG] SoundI::release                          : done
[LOG] Thread::callback                         : FMOD Studio update thread finished.
[LOG] Thread::callback                         : FMOD Studio bank load thread finished.
[LOG] Profile::disconnectAll                   : Profiler disconnecting all clients
[LOG] Thread::callback                         : FMOD Studio sample load thread finished.
[LOG] LiveUpdate::release                      : 
[LOG] LiveUpdate::reset                        : Reset connection (reason Disconnected)
[LOG] SystemI::close                           : 
[LOG] SystemI::close                           : Stop all sounds
[LOG] Thread::callback                         : FMOD stream thread finished.
[LOG] SystemI::close                           : Stream thread destroyed
[LOG] Thread::callback                         : FMOD mixer thread finished.
[LOG] SystemI::close                           : Free master channel group.
[LOG] SystemI::close                           : Remove 'master' sound group.
[LOG] SystemI::close                           : Free software output.
[LOG] SystemI::close                           : Free emulated output.
[LOG] SystemI::close                           : Free channel pool.
[LOG] SystemI::close                           : done.

[LOG] Manager::readBank                        : fileversion = 88, compatVersion = 86 (oldest = 44, newest = 88)
[LOG] Manager::readBank                        : fileversion = 88, compatVersion = 86 (oldest = 44, newest = 88)
[LOG] Manager::readBank                        : fileversion = 88, compatVersion = 86 (oldest = 44, newest = 88)
[LOG] Manager::readBank                        : fileversion = 88, compatVersion = 86 (oldest = 44, newest = 88)
[LOG] Manager::readBank                        : fileversion = 88, compatVersion = 86 (oldest = 44, newest = 88)
[LOG] Manager::readBank                        : fileversion = 88, compatVersion = 86 (oldest = 44, newest = 88)
[LOG] PlaybackSystem::acquireMasterBus         : Setting master channel group format to 6
[LOG] Manager::readBank                        : fileversion = 88, compatVersion = 86 (oldest = 44, newest = 88)
[LOG] Manager::readBank                        : fileversion = 88, compatVersion = 86 (oldest = 44, newest = 88)
[LOG] Manager::readBank                        : fileversion = 88, compatVersion = 86 (oldest = 44, newest = 88)
[LOG] Manager::readBank                        : fileversion = 88, compatVersion = 86 (oldest = 44, newest = 88)
[LOG] Manager::readBank                        : fileversion = 88, compatVersion = 86 (oldest = 44, newest = 88)
[LOG] Manager::readBank                        : fileversion = 88, compatVersion = 86 (oldest = 44, newest = 88)
[LOG] PlaybackSystem::acquireMasterBus         : Setting master channel group format to 6
[LOG] Manager::readBank                        : fileversion = 88, compatVersion = 86 (oldest = 44, newest = 88)
[LOG] Manager::readBank                        : fileversion = 88, compatVersion = 86 (oldest = 44, newest = 88)
[LOG] Manager::readBank                        : fileversion = 88, compatVersion = 86 (oldest = 44, newest = 88)
[LOG] Manager::readBank                        : fileversion = 88, compatVersion = 86 (oldest = 44, newest = 88)
[LOG] Manager::readBank                        : fileversion = 88, compatVersion = 86 (oldest = 44, newest = 88)
[LOG] Manager::readBank                        : fileversion = 88, compatVersion = 86 (oldest = 44, newest = 88)
[LOG] PlaybackSystem::acquireMasterBus         : Setting master channel group format to 6
[LOG] Manager::readBank                        : fileversion = 88, compatVersion = 86 (oldest = 44, newest = 88)
