[LOG] Manager::init                            : maxchannels = 1024 studioflags = 00000009 flags 00000000 extradriverdata 0000000000000000.
[LOG] SystemI::init                            : FMOD Studio Version: 00010906 (88495)
[LOG] SystemI::init                            : maxchannels = 1024, flags = 00030000, extradriverdata = 0000000000000000
[LOG] SystemI::setOutputInternal               : Setting output to type 0
[LOG] SystemI::setOutputInternal               : Setting output to type 8
[LOG] SystemI::setOutputInternal               : Setting output to type 8
[LOG] OutputWASAPI::init                       : Mix Format (WAVEFORMATEX): wFormatTag=0xFFFE, nChannels=2, nSamplesPerSec=48000, nAvgBytesPerSec=384000, nBlockAlign=8, wBitsPerSample=32, cbSize=22.
[LOG] OutputWASAPI::init                       : Mix Format (WAVEFORMATEXTENSIBLE): wValidBitsPerSample=32, dwChannelMask=0x00000003, SubFormat=00000003-0000-0010-8000-00AA00389B71.
[LOG] OutputWASAPI::init                       : Output buffer size: 4096 samples, latency: 0.00ms, period: 10.00ms, DSP buffer: 1024 * 4
[LOG] SystemI::init                            : Create master channel group and master sound group.
[LOG] SystemI::init                            : Set up emulated output.  1024 channels
[LOG] SystemI::init                            : create the channel pool
[LOG] SystemI::init                            : create the stream thread
[LOG] Thread::initThread                       : Init FMOD stream thread. Priority: 2, Stack Size: 65536, Semaphore: No, Sleep Time: 10, Looping: Yes.
[LOG] SystemI::DSPCodecPoolRegister            : register codec pool for pool type 5
[LOG] Thread::initThread                       : Init FMOD mixer thread. Priority: 3, Stack Size: 49152, Semaphore: No, Sleep Time: 0, Looping: Yes.
[LOG] AsyncManager::init                       : manager 0000000064C84B98 isAsync 1 updatePeriod 0.02
[LOG] Thread::initThread                       : Init FMOD Studio update thread. Priority: 0, Stack Size: 65536, Semaphore: No, Sleep Time: 1, Looping: No.
[LOG] AsyncManager::init                       : done
[LOG] PlaybackSystem::init                     : 
[LOG] Thread::initThread                       : Init FMOD Studio sample load thread. Priority: 0, Stack Size: 65536, Semaphore: No, Sleep Time: 1, Looping: No.
[LOG] PlaybackSystem::init                     : done
[LOG] LiveUpdate::init                         : 
[LOG] Thread::initThread                       : Init FMOD Studio bank load thread. Priority: 0, Stack Size: 65536, Semaphore: No, Sleep Time: 1, Looping: No.
[LOG] Manager::init                            : done.
[LOG] Profile::init                            : Profiler listening on port: 9264
[LOG] Manager::readBank                        : fileversion = 88, compatVersion = 86 (oldest = 44, newest = 88)
[LOG] Manager::readBank                        : fileversion = 88, compatVersion = 86 (oldest = 44, newest = 88)
[LOG] PlaybackSystem::acquireMasterBus         : Setting master channel group format to 6
[ERR] assert                                   : assertion: 'listener >= 0 && listener < numlisteners' failed
[ERR] assert                                   : assertion: 'listener >= 0 && listener < numlisteners' failed
[LOG] SystemI::createSound                     : filename = Assets\Resources\Fmod\Buggin_Out_Fmod\Build\Desktop/Master Bank.bank : mode 02012082
[LOG] SystemI::createSound                     : FMOD_NONBLOCKING specified.  Putting into queue to be opened asynchronously!
[LOG] Thread::initThread                       : Init FMOD nonblocking thread (0). Priority: 1, Stack Size: 81920, Semaphore: Yes, Sleep Time: 0, Looping: Yes.
[LOG] SystemI::createSound                     : setdata soundi = 0000000043D78368 : node = 0000000064C83C80
[LOG] SystemI::createSound                     : add node to async list : head = 0000000064B0D3A8.  list count = 0
[LOG] AsyncThread::threadFunc                  : Starting Asynchronous operation on sound 0000000043D78368
[LOG] SystemI::createSoundInternal             :     filename = Assets\Resources\Fmod\Buggin_Out_Fmod\Build\Desktop/Master Bank.bank : mode 02012082
[LOG] SystemI::createSoundInternal             :     exinfo->cbsize             = 232
[LOG] SystemI::createSoundInternal             :     exinfo->length             = 7509536
[LOG] SystemI::createSoundInternal             :     exinfo->fileoffset         = 122848
[LOG] SystemI::createSoundInternal             :     exinfo->numsubsounds       = 1
[LOG] SystemI::createSoundInternal             :     exinfo->inclusionlist      = 0000000064C83D98
[LOG] SystemI::createSoundInternal             :     exinfo->inclusionlistnum   = 1
[LOG] SystemI::createSoundInternal             :     exinfo->suggestedsoundtype = 5
[LOG] SystemI::createSoundInternal             :     filename =  : mode 02000202
[LOG] SystemI::createSoundInternal             :     exinfo->cbsize             = 232
[LOG] SystemI::createSoundInternal             :     exinfo->length             = 7509536
[LOG] SystemI::createSoundInternal             :     exinfo->fileoffset         = 122848
[LOG] SystemI::createSoundInternal             :     exinfo->numsubsounds       = 1
[LOG] SystemI::createSoundInternal             :     exinfo->inclusionlist      = 000000007E72FBF8
[LOG] SystemI::createSoundInternal             :     exinfo->inclusionlistnum   = 1
[LOG] SystemI::createSoundInternal             :     exinfo->suggestedsoundtype = 5
[LOG] SystemI::createSoundInternal             :     exinfo->useropen           = 00007FF822787110
[LOG] SystemI::createSoundInternal             :     exinfo->userclose          = 00007FF8227870E0
[LOG] SystemI::createSoundInternal             :     exinfo->userread           = 00007FF8227871E0
[LOG] SystemI::createSoundInternal             :     exinfo->userseek           = 00007FF822787290
[LOG] SystemI::createSoundInternal             :     exinfo->fileuserdata       = 0000000064A483E8
[LOG] SystemI::DSPCodecPoolRegister            :     register codec pool for pool type 5
[LOG] SystemI::createSoundInternal             :     Format has 1 subsounds.
[LOG] SystemI::createSoundInternal             :     Format has 1 subsounds.
[LOG] SystemI::createSoundInternal             :     Create as FMOD_CREATESTREAM
[LOG] SystemI::createSoundInternal             :     Create as FMOD_CREATESAMPLE
[LOG] System::createSoundInternal              :     decode buffersize = 19200 : blocksize = 256 : format = 2
[LOG] SystemI::createSoundInternal             :     Multi-sample sound (1 subsounds), create a sample container.
[LOG] SystemI::createSample                    :     mode 02012082 length 19200 samples, lengthbytes 1364384
[LOG] SystemI::createSoundInternal             :     creating subsound 0/1
[LOG] SystemI::createSample                    :     channels = 2
[LOG] SystemI::createSample                    :     mode 02000202 length 20062 samples, lengthbytes 2784
[LOG] SystemI::createSample                    :     output = 0000000064BE24A8
[LOG] SystemI::createSample                    :     channels = 2
[LOG] OutputSoftware::createSample             :     lengthpcm 19200, lengthbytes 1364384, channels 2, format 2, freq 48000, mode 0201208a
[LOG] SystemI::createSample                    :     output = 0000000064BE24A8
[LOG] OutputSoftware::createSample             :     lengthpcm 20062, lengthbytes 2784, channels 2, format 2, freq 48000, mode 0200020a
[LOG] System::createSoundInternal              :     1 subsounds detected.
[LOG] System::createSoundInternal              :     Seek stream to start
[LOG] System::createSoundInternal              :     switch file handle from small blocking single buffered to large nonblocking doublebuffered.
[LOG] SystemI::createSoundInternal             :     No name found in file, use filename.
[LOG] SystemI::createSoundInternal             :     done.  OpenState now = FMOD_OPENSTATE_READY.

[LOG] SystemI::createSoundInternal             :         filename =  : mode 02000202
[LOG] Thread::initThread                       :         Init FMOD file thread. Priority: 1, Stack Size: 16384, Semaphore: No, Sleep Time: 10, Looping: Yes.
[LOG] SystemI::createSoundInternal             :         exinfo->cbsize             = 232
[LOG] SystemI::createSoundInternal             :         exinfo->length             = 7509536
[LOG] SystemI::createSoundInternal             :         exinfo->fileoffset         = 122848
[LOG] SystemI::createSoundInternal             :         exinfo->numsubsounds       = 1
[LOG] SystemI::createSoundInternal             :         exinfo->inclusionlist      = 000000007E72FBF8
[LOG] SystemI::createSoundInternal             :         exinfo->inclusionlistnum   = 1
[LOG] SystemI::createSoundInternal             :         exinfo->suggestedsoundtype = 5
[LOG] SystemI::createSoundInternal             :         exinfo->useropen           = 00007FF822787110
[LOG] SystemI::createSoundInternal             :         exinfo->userclose          = 00007FF8227870E0
[LOG] SystemI::createSoundInternal             :         exinfo->userread           = 00007FF8227871E0
[LOG] SystemI::createSoundInternal             :         exinfo->userseek           = 00007FF822787290
[LOG] SystemI::createSoundInternal             :         exinfo->fileuserdata       = 0000000064A483E8
[LOG] SystemI::DSPCodecPoolRegister            :         register codec pool for pool type 5
[LOG] SystemI::createSoundInternal             :         Format has 1 subsounds.
[LOG] SystemI::createSoundInternal             :         Create as FMOD_CREATESAMPLE
[LOG] SystemI::createSoundInternal             :         Multi-sample sound (1 subsounds), create a sample container.
[LOG] SystemI::createSoundInternal             :         creating subsound 0/1
[LOG] SystemI::createSample                    :         mode 02000202 length 22569 samples, lengthbytes 3232
[LOG] SystemI::createSample                    :         channels = 2
[LOG] SystemI::createSample                    :         output = 0000000064BE24A8
[LOG] OutputSoftware::createSample             :         lengthpcm 22569, lengthbytes 3232, channels 2, format 2, freq 48000, mode 0200020a
[LOG] SystemI::createSoundInternal             :         No name found in file, use filename.
[LOG] SystemI::createSoundInternal             :         done.  OpenState now = FMOD_OPENSTATE_READY.

[LOG] SystemI::createSoundInternal             :         filename =  : mode 02000202
[LOG] SystemI::createSoundInternal             :         exinfo->cbsize             = 232
[LOG] SystemI::createSoundInternal             :         exinfo->length             = 7509536
[LOG] SystemI::createSoundInternal             :         exinfo->fileoffset         = 122848
[LOG] SystemI::createSoundInternal             :         exinfo->numsubsounds       = 1
[LOG] SystemI::createSoundInternal             :         exinfo->inclusionlist      = 000000007E72FBF8
[LOG] SystemI::createSoundInternal             :         exinfo->inclusionlistnum   = 1
[LOG] SystemI::createSoundInternal             :         exinfo->suggestedsoundtype = 5
[LOG] SystemI::createSoundInternal             :         exinfo->useropen           = 00007FF822787110
[LOG] SystemI::createSoundInternal             :         exinfo->userclose          = 00007FF8227870E0
[LOG] SystemI::createSoundInternal             :         exinfo->userread           = 00007FF8227871E0
[LOG] SystemI::createSoundInternal             :         exinfo->userseek           = 00007FF822787290
[LOG] SystemI::createSoundInternal             :         exinfo->fileuserdata       = 0000000064A483E8
[LOG] SystemI::DSPCodecPoolRegister            :         register codec pool for pool type 5
[LOG] SystemI::createSoundInternal             :         Format has 1 subsounds.
[LOG] SystemI::createSoundInternal             :         Create as FMOD_CREATESAMPLE
[LOG] SystemI::createSoundInternal             :         Multi-sample sound (1 subsounds), create a sample container.
[LOG] SystemI::createSoundInternal             :         creating subsound 0/1
[LOG] SystemI::createSample                    :     mode 02000202 length 26331 samples, lengthbytes 3168
[LOG] SystemI::createSample                    :     channels = 2
[LOG] SystemI::createSample                    :     output = 0000000064BE24A8
[LOG] OutputSoftware::createSample             :     lengthpcm 26331, lengthbytes 3168, channels 2, format 2, freq 48000, mode 0200020a
[LOG] SystemI::createSoundInternal             :     done.  OpenState now = FMOD_OPENSTATE_READY.

[LOG] AsyncThread::threadFunc                  : Finished Asynchronous operation on sound 0000000043D78368
[LOG] SystemI::createSoundInternal             : No name found in file, use filename.
[LOG] SystemI::createSoundInternal             : done.  OpenState now = FMOD_OPENSTATE_READY.

[LOG] SystemI::createSoundInternal             : filename =  : mode 02000202
[LOG] SystemI::createSoundInternal             : exinfo->cbsize             = 232
[LOG] SystemI::createSoundInternal             : exinfo->length             = 7509536
[LOG] SystemI::createSoundInternal             : exinfo->fileoffset         = 122848
[LOG] SystemI::createSoundInternal             : exinfo->numsubsounds       = 1
[LOG] SystemI::createSoundInternal             : exinfo->inclusionlist      = 000000007E72FBF8
[LOG] SystemI::createSoundInternal             : exinfo->inclusionlistnum   = 1
[LOG] SystemI::createSoundInternal             : exinfo->suggestedsoundtype = 5
[LOG] SystemI::createSoundInternal             : exinfo->useropen           = 00007FF822787110
[LOG] SystemI::createSoundInternal             : exinfo->userclose          = 00007FF8227870E0
[LOG] SystemI::createSoundInternal             : exinfo->userread           = 00007FF8227871E0
[LOG] SystemI::createSoundInternal             : exinfo->userseek           = 00007FF822787290
[LOG] SystemI::createSoundInternal             : exinfo->fileuserdata       = 0000000064A483E8
[LOG] SystemI::DSPCodecPoolRegister            : register codec pool for pool type 5
[LOG] SystemI::createSoundInternal             : Format has 1 subsounds.
[LOG] SystemI::createSoundInternal             : Create as FMOD_CREATESAMPLE
[LOG] SystemI::createSoundInternal             : Multi-sample sound (1 subsounds), create a sample container.
[LOG] SystemI::createSoundInternal             : creating subsound 0/1
[LOG] SystemI::createSample                    : mode 02000202 length 22569 samples, lengthbytes 3936
[LOG] SystemI::createSample                    : channels = 2
[LOG] SystemI::createSample                    : output = 0000000064BE24A8
[LOG] OutputSoftware::createSample             : lengthpcm 22569, lengthbytes 3936, channels 2, format 2, freq 48000, mode 0200020a
[LOG] SystemI::createSoundInternal             : No name found in file, use filename.
[LOG] SystemI::createSoundInternal             : done.  OpenState now = FMOD_OPENSTATE_READY.

[LOG] SystemI::createSoundInternal             : filename =  : mode 02000202
[LOG] SystemI::createSoundInternal             : exinfo->cbsize             = 232
[LOG] SystemI::createSoundInternal             : exinfo->length             = 7509536
[LOG] SystemI::createSoundInternal             : exinfo->fileoffset         = 122848
[LOG] SystemI::createSoundInternal             : exinfo->numsubsounds       = 1
[LOG] SystemI::createSoundInternal             : exinfo->inclusionlist      = 000000007E72FBF8
[LOG] SystemI::createSoundInternal             : exinfo->inclusionlistnum   = 1
[LOG] SystemI::createSoundInternal             : exinfo->suggestedsoundtype = 5
[LOG] SystemI::createSoundInternal             : exinfo->useropen           = 00007FF822787110
[LOG] SystemI::createSoundInternal             : exinfo->userclose          = 00007FF8227870E0
[LOG] SystemI::createSoundInternal             : exinfo->userread           = 00007FF8227871E0
[LOG] SystemI::createSoundInternal             : exinfo->userseek           = 00007FF822787290
[LOG] SystemI::createSoundInternal             : exinfo->fileuserdata       = 0000000064A483E8
[LOG] SystemI::DSPCodecPoolRegister            : register codec pool for pool type 5
[LOG] SystemI::createSoundInternal             : Format has 1 subsounds.
[LOG] SystemI::createSoundInternal             : Create as FMOD_CREATESAMPLE
[LOG] SystemI::createSoundInternal             : Multi-sample sound (1 subsounds), create a sample container.
[LOG] SystemI::createSoundInternal             : creating subsound 0/1
[LOG] SystemI::createSample                    : mode 02000202 length 20062 samples, lengthbytes 3328
[LOG] SystemI::createSample                    : channels = 2
[LOG] SystemI::createSample                    : output = 0000000064BE24A8
[LOG] OutputSoftware::createSample             : lengthpcm 20062, lengthbytes 3328, channels 2, format 2, freq 48000, mode 0200020a
[LOG] SystemI::createSoundInternal             : No name found in file, use filename.
[LOG] SystemI::createSoundInternal             : done.  OpenState now = FMOD_OPENSTATE_READY.

[LOG] SystemI::createSoundInternal             : filename =  : mode 02000202
[LOG] SystemI::createSoundInternal             : exinfo->cbsize             = 232
[LOG] SystemI::createSoundInternal             : exinfo->length             = 7509536
[LOG] SystemI::createSoundInternal             : exinfo->fileoffset         = 122848
[LOG] SystemI::createSoundInternal             : exinfo->numsubsounds       = 1
[LOG] SystemI::createSoundInternal             : exinfo->inclusionlist      = 000000007E72FBF8
[LOG] SystemI::createSoundInternal             : exinfo->inclusionlistnum   = 1
[LOG] SystemI::createSoundInternal             : exinfo->suggestedsoundtype = 5
[LOG] SystemI::createSoundInternal             : exinfo->useropen           = 00007FF822787110
[LOG] SystemI::createSoundInternal             : exinfo->userclose          = 00007FF8227870E0
[LOG] SystemI::createSoundInternal             : exinfo->userread           = 00007FF8227871E0
[LOG] SystemI::createSoundInternal             : exinfo->userseek           = 00007FF822787290
[LOG] SystemI::createSoundInternal             : exinfo->fileuserdata       = 0000000064A483E8
[LOG] SystemI::DSPCodecPoolRegister            : register codec pool for pool type 5
[LOG] SystemI::createSoundInternal             : Format has 1 subsounds.
[LOG] SystemI::createSoundInternal             : Create as FMOD_CREATESAMPLE
[LOG] SystemI::createSoundInternal             : Multi-sample sound (1 subsounds), create a sample container.
[LOG] SystemI::createSoundInternal             : creating subsound 0/1
[LOG] SystemI::createSample                    : mode 02000202 length 22569 samples, lengthbytes 3936
[LOG] SystemI::createSample                    : channels = 2
[LOG] SystemI::createSample                    : output = 0000000064BE24A8
[LOG] OutputSoftware::createSample             : lengthpcm 22569, lengthbytes 3936, channels 2, format 2, freq 48000, mode 0200020a
[LOG] SystemI::createSoundInternal             : No name found in file, use filename.
[LOG] SystemI::createSoundInternal             : done.  OpenState now = FMOD_OPENSTATE_READY.

[LOG] SystemI::createSoundInternal             : filename =  : mode 02000202
[LOG] SystemI::createSoundInternal             : exinfo->cbsize             = 232
[LOG] SystemI::createSoundInternal             : exinfo->length             = 7509536
[LOG] SystemI::createSoundInternal             : exinfo->fileoffset         = 122848
[LOG] SystemI::createSoundInternal             : exinfo->numsubsounds       = 1
[LOG] SystemI::createSoundInternal             : exinfo->inclusionlist      = 000000007E72FBF8
[LOG] SystemI::createSoundInternal             : exinfo->inclusionlistnum   = 1
[LOG] SystemI::createSoundInternal             : exinfo->suggestedsoundtype = 5
[LOG] SystemI::createSoundInternal             : exinfo->useropen           = 00007FF822787110
[LOG] SystemI::createSoundInternal             : exinfo->userclose          = 00007FF8227870E0
[LOG] SystemI::createSoundInternal             : exinfo->userread           = 00007FF8227871E0
[LOG] SystemI::createSoundInternal             : exinfo->userseek           = 00007FF822787290
[LOG] SystemI::createSoundInternal             : exinfo->fileuserdata       = 0000000064A483E8
[LOG] SystemI::DSPCodecPoolRegister            : register codec pool for pool type 5
[LOG] SystemI::createSoundInternal             : Format has 1 subsounds.
[LOG] SystemI::createSoundInternal             : Create as FMOD_CREATESAMPLE
[LOG] SystemI::createSoundInternal             : Multi-sample sound (1 subsounds), create a sample container.
[LOG] SystemI::createSoundInternal             : creating subsound 0/1
[LOG] SystemI::createSample                    : mode 02000202 length 26331 samples, lengthbytes 3776
[LOG] SystemI::createSample                    : channels = 2
[LOG] SystemI::createSample                    : output = 0000000064BE24A8
[LOG] OutputSoftware::createSample             : lengthpcm 26331, lengthbytes 3776, channels 2, format 2, freq 48000, mode 0200020a
[LOG] SystemI::createSoundInternal             : No name found in file, use filename.
[LOG] SystemI::createSoundInternal             : done.  OpenState now = FMOD_OPENSTATE_READY.

[LOG] SystemI::createSoundInternal             : filename =  : mode 02000202
[LOG] SystemI::createSoundInternal             : exinfo->cbsize             = 232
[LOG] SystemI::createSoundInternal             : exinfo->length             = 7509536
[LOG] SystemI::createSoundInternal             : exinfo->fileoffset         = 122848
[LOG] SystemI::createSoundInternal             : exinfo->numsubsounds       = 1
[LOG] SystemI::createSoundInternal             : exinfo->inclusionlist      = 000000007E72FBF8
[LOG] SystemI::createSoundInternal             : exinfo->inclusionlistnum   = 1
[LOG] SystemI::createSoundInternal             : exinfo->suggestedsoundtype = 5
[LOG] SystemI::createSoundInternal             : exinfo->useropen           = 00007FF822787110
[LOG] SystemI::createSoundInternal             : exinfo->userclose          = 00007FF8227870E0
[LOG] SystemI::createSoundInternal             : exinfo->userread           = 00007FF8227871E0
[LOG] SystemI::createSoundInternal             : exinfo->userseek           = 00007FF822787290
[LOG] SystemI::createSoundInternal             : exinfo->fileuserdata       = 0000000064A483E8
[LOG] SystemI::DSPCodecPoolRegister            : register codec pool for pool type 5
[LOG] SystemI::createSoundInternal             : Format has 1 subsounds.
[LOG] SystemI::createSoundInternal             : Create as FMOD_CREATESAMPLE
[LOG] SystemI::createSoundInternal             : Multi-sample sound (1 subsounds), create a sample container.
[LOG] SystemI::createSoundInternal             : creating subsound 0/1
[LOG] SystemI::createSample                    : mode 02000202 length 25077 samples, lengthbytes 3008
[LOG] SystemI::createSample                    : channels = 2
[LOG] SystemI::createSample                    : output = 0000000064BE24A8
[LOG] OutputSoftware::createSample             : lengthpcm 25077, lengthbytes 3008, channels 2, format 2, freq 48000, mode 0200020a
[LOG] SystemI::createSoundInternal             : No name found in file, use filename.
[LOG] SystemI::createSoundInternal             : done.  OpenState now = FMOD_OPENSTATE_READY.

[LOG] SoundI::getSubSound                      : sound 0000000043D78368.  Subsound index 0 / 1
[LOG] SoundI::getSubSound                      : starting non blocking seek and setting sound to not ready state
[LOG] SoundI::getSubSound                      : finished preparing nonblocking getSubSound seek
[LOG] AsyncThread::threadFunc                  : Starting Asynchronous operation on sound 0000000043D78518
[LOG] AsyncThread::threadFunc                  :     done setposition
[LOG] AsyncThread::threadFunc                  :     done flush
[LOG] AsyncThread::threadFunc                  : Finished Asynchronous operation on sound 0000000043D78518
[LOG] AsyncThread::threadFunc                  : Starting Asynchronous operation on sound 0000000043D78518
[LOG] AsyncThread::threadFunc                  : Finished Asynchronous operation on sound 0000000043D78518
[LOG] SystemI::createSoundInternal             : filename =  : mode 02000202
[LOG] SystemI::createSoundInternal             : exinfo->cbsize             = 232
[LOG] SystemI::createSoundInternal             : exinfo->length             = 7509536
[LOG] SystemI::createSoundInternal             : exinfo->fileoffset         = 122848
[LOG] SystemI::createSoundInternal             : exinfo->numsubsounds       = 1
[LOG] SystemI::createSoundInternal             : exinfo->inclusionlist      = 000000007E72FBF8
[LOG] SystemI::createSoundInternal             : exinfo->inclusionlistnum   = 1
[LOG] SystemI::createSoundInternal             : exinfo->suggestedsoundtype = 5
[LOG] SystemI::createSoundInternal             : exinfo->useropen           = 00007FF822787110
[LOG] SystemI::createSoundInternal             : exinfo->userclose          = 00007FF8227870E0
[LOG] SystemI::createSoundInternal             : exinfo->userread           = 00007FF8227871E0
[LOG] SystemI::createSoundInternal             : exinfo->userseek           = 00007FF822787290
[LOG] SystemI::createSoundInternal             : exinfo->fileuserdata       = 0000000064A4A3C8
[LOG] SystemI::DSPCodecPoolRegister            : register codec pool for pool type 5
[LOG] SystemI::createSoundInternal             : Format has 1 subsounds.
[LOG] SystemI::createSoundInternal             : Create as FMOD_CREATESAMPLE
[LOG] SystemI::createSoundInternal             : Multi-sample sound (1 subsounds), create a sample container.
[LOG] SystemI::createSoundInternal             : creating subsound 0/1
[LOG] SystemI::createSample                    : mode 02000202 length 47647 samples, lengthbytes 13536
[LOG] SystemI::createSample                    : channels = 2
[LOG] SystemI::createSample                    : output = 0000000064BE24A8
[LOG] OutputSoftware::createSample             : lengthpcm 47647, lengthbytes 13536, channels 2, format 2, freq 48000, mode 0200020a
[LOG] SystemI::createSoundInternal             : No name found in file, use filename.
[LOG] SystemI::createSoundInternal             : done.  OpenState now = FMOD_OPENSTATE_READY.

[LOG] SystemI::createSoundInternal             : filename =  : mode 02000202
[LOG] SystemI::createSoundInternal             : exinfo->cbsize             = 232
[LOG] SystemI::createSoundInternal             : exinfo->length             = 7509536
[LOG] SystemI::createSoundInternal             : exinfo->fileoffset         = 122848
[LOG] SystemI::createSoundInternal             : exinfo->numsubsounds       = 1
[LOG] SystemI::createSoundInternal             : exinfo->inclusionlist      = 000000007E72FBF8
[LOG] SystemI::createSoundInternal             : exinfo->inclusionlistnum   = 1
[LOG] SystemI::createSoundInternal             : exinfo->suggestedsoundtype = 5
[LOG] SystemI::createSoundInternal             : exinfo->useropen           = 00007FF822787110
[LOG] SystemI::createSoundInternal             : exinfo->userclose          = 00007FF8227870E0
[LOG] SystemI::createSoundInternal             : exinfo->userread           = 00007FF8227871E0
[LOG] SystemI::createSoundInternal             : exinfo->userseek           = 00007FF822787290
[LOG] SystemI::createSoundInternal             : exinfo->fileuserdata       = 0000000064A4A3C8
[LOG] SystemI::DSPCodecPoolRegister            : register codec pool for pool type 5
[LOG] SystemI::createSoundInternal             : Format has 1 subsounds.
[LOG] SystemI::createSoundInternal             : Create as FMOD_CREATESAMPLE
[LOG] SystemI::createSoundInternal             : Multi-sample sound (1 subsounds), create a sample container.
[LOG] SystemI::createSoundInternal             : creating subsound 0/1
[LOG] SystemI::createSample                    : mode 02000202 length 63947 samples, lengthbytes 18976
[LOG] SystemI::createSample                    : channels = 2
[LOG] SystemI::createSample                    : output = 0000000064BE24A8
[LOG] OutputSoftware::createSample             : lengthpcm 63947, lengthbytes 18976, channels 2, format 2, freq 48000, mode 0200020a
[LOG] SystemI::createSoundInternal             : No name found in file, use filename.
[LOG] SystemI::createSoundInternal             : done.  OpenState now = FMOD_OPENSTATE_READY.

[LOG] SystemI::createSoundInternal             : filename =  : mode 02000202
[LOG] SystemI::createSoundInternal             : exinfo->cbsize             = 232
[LOG] SystemI::createSoundInternal             : exinfo->length             = 7509536
[LOG] SystemI::createSoundInternal             : exinfo->fileoffset         = 122848
[LOG] SystemI::createSoundInternal             : exinfo->numsubsounds       = 1
[LOG] SystemI::createSoundInternal             : exinfo->inclusionlist      = 000000007E72FBF8
[LOG] SystemI::createSoundInternal             : exinfo->inclusionlistnum   = 1
[LOG] SystemI::createSoundInternal             : exinfo->suggestedsoundtype = 5
[LOG] SystemI::createSoundInternal             : exinfo->useropen           = 00007FF822787110
[LOG] SystemI::createSoundInternal             : exinfo->userclose          = 00007FF8227870E0
[LOG] SystemI::createSoundInternal             : exinfo->userread           = 00007FF8227871E0
[LOG] SystemI::createSoundInternal             : exinfo->userseek           = 00007FF822787290
[LOG] SystemI::createSoundInternal             : exinfo->fileuserdata       = 0000000064A4A3C8
[LOG] SystemI::DSPCodecPoolRegister            : register codec pool for pool type 5
[LOG] SystemI::createSoundInternal             : Format has 1 subsounds.
[LOG] SystemI::createSoundInternal             : Create as FMOD_CREATESAMPLE
[LOG] SystemI::createSoundInternal             : Multi-sample sound (1 subsounds), create a sample container.
[LOG] SystemI::createSoundInternal             : creating subsound 0/1
[LOG] SystemI::createSample                    : mode 02000202 length 30093 samples, lengthbytes 8736
[LOG] SystemI::createSample                    : channels = 2
[LOG] SystemI::createSample                    : output = 0000000064BE24A8
[LOG] OutputSoftware::createSample             : lengthpcm 30093, lengthbytes 8736, channels 2, format 2, freq 48000, mode 0200020a
[LOG] SystemI::createSoundInternal             : No name found in file, use filename.
[LOG] SystemI::createSoundInternal             : done.  OpenState now = FMOD_OPENSTATE_READY.

[LOG] SystemI::createSoundInternal             : filename =  : mode 02000202
[LOG] SystemI::createSoundInternal             : exinfo->cbsize             = 232
[LOG] SystemI::createSoundInternal             : exinfo->length             = 7509536
[LOG] SystemI::createSoundInternal             : exinfo->fileoffset         = 122848
[LOG] SystemI::createSoundInternal             : exinfo->numsubsounds       = 1
[LOG] SystemI::createSoundInternal             : exinfo->inclusionlist      = 000000007E72FBF8
[LOG] SystemI::createSoundInternal             : exinfo->inclusionlistnum   = 1
[LOG] SystemI::createSoundInternal             : exinfo->suggestedsoundtype = 5
[LOG] SystemI::createSoundInternal             : exinfo->useropen           = 00007FF822787110
[LOG] SystemI::createSoundInternal             : exinfo->userclose          = 00007FF8227870E0
[LOG] SystemI::createSoundInternal             : exinfo->userread           = 00007FF8227871E0
[LOG] SystemI::createSoundInternal             : exinfo->userseek           = 00007FF822787290
[LOG] SystemI::createSoundInternal             : exinfo->fileuserdata       = 0000000064A4A3C8
[LOG] SystemI::DSPCodecPoolRegister            : register codec pool for pool type 5
[LOG] SystemI::createSoundInternal             : Format has 1 subsounds.
[LOG] SystemI::createSoundInternal             : Create as FMOD_CREATESAMPLE
[LOG] SystemI::createSoundInternal             : Multi-sample sound (1 subsounds), create a sample container.
[LOG] SystemI::createSoundInternal             : creating subsound 0/1
[LOG] SystemI::createSample                    : mode 02000202 length 51408 samples, lengthbytes 14624
[LOG] SystemI::createSample                    : channels = 2
[LOG] SystemI::createSample                    : output = 0000000064BE24A8
[LOG] OutputSoftware::createSample             : lengthpcm 51408, lengthbytes 14624, channels 2, format 2, freq 48000, mode 0200020a
[LOG] SystemI::createSoundInternal             : No name found in file, use filename.
[LOG] SystemI::createSoundInternal             : done.  OpenState now = FMOD_OPENSTATE_READY.

[LOG] SystemI::createSoundInternal             : filename =  : mode 02000202
[LOG] SystemI::createSoundInternal             : exinfo->cbsize             = 232
[LOG] SystemI::createSoundInternal             : exinfo->length             = 7509536
[LOG] SystemI::createSoundInternal             : exinfo->fileoffset         = 122848
[LOG] SystemI::createSoundInternal             : exinfo->numsubsounds       = 1
[LOG] SystemI::createSoundInternal             : exinfo->inclusionlist      = 000000007E72FBF8
[LOG] SystemI::createSoundInternal             : exinfo->inclusionlistnum   = 1
[LOG] SystemI::createSoundInternal             : exinfo->suggestedsoundtype = 5
[LOG] SystemI::createSoundInternal             : exinfo->useropen           = 00007FF822787110
[LOG] SystemI::createSoundInternal             : exinfo->userclose          = 00007FF8227870E0
[LOG] SystemI::createSoundInternal             : exinfo->userread           = 00007FF8227871E0
[LOG] SystemI::createSoundInternal             : exinfo->userseek           = 00007FF822787290
[LOG] SystemI::createSoundInternal             : exinfo->fileuserdata       = 0000000064A4A3C8
[LOG] SystemI::DSPCodecPoolRegister            : register codec pool for pool type 5
[LOG] SystemI::createSoundInternal             : Format has 1 subsounds.
[LOG] SystemI::createSoundInternal             : Create as FMOD_CREATESAMPLE
[LOG] SystemI::createSoundInternal             : Multi-sample sound (1 subsounds), create a sample container.
[LOG] SystemI::createSoundInternal             : creating subsound 0/1
[LOG] SystemI::createSample                    : mode 02000202 length 55170 samples, lengthbytes 16928
[LOG] SystemI::createSample                    : channels = 2
[LOG] SystemI::createSample                    : output = 0000000064BE24A8
[LOG] OutputSoftware::createSample             : lengthpcm 55170, lengthbytes 16928, channels 2, format 2, freq 48000, mode 0200020a
[LOG] SystemI::createSoundInternal             : No name found in file, use filename.
[LOG] SystemI::createSoundInternal             : done.  OpenState now = FMOD_OPENSTATE_READY.

[LOG] SystemI::createSoundInternal             : filename =  : mode 02000202
[LOG] SystemI::createSoundInternal             : exinfo->cbsize             = 232
[LOG] SystemI::createSoundInternal             : exinfo->length             = 7509536
[LOG] SystemI::createSoundInternal             : exinfo->fileoffset         = 122848
[LOG] SystemI::createSoundInternal             : exinfo->numsubsounds       = 1
[LOG] SystemI::createSoundInternal             : exinfo->inclusionlist      = 000000007E72FBF8
[LOG] SystemI::createSoundInternal             : exinfo->inclusionlistnum   = 1
[LOG] SystemI::createSoundInternal             : exinfo->suggestedsoundtype = 5
[LOG] SystemI::createSoundInternal             : exinfo->useropen           = 00007FF822787110
[LOG] SystemI::createSoundInternal             : exinfo->userclose          = 00007FF8227870E0
[LOG] SystemI::createSoundInternal             : exinfo->userread           = 00007FF8227871E0
[LOG] SystemI::createSoundInternal             : exinfo->userseek           = 00007FF822787290
[LOG] SystemI::createSoundInternal             : exinfo->fileuserdata       = 0000000064A4A3C8
[LOG] SystemI::DSPCodecPoolRegister            : register codec pool for pool type 5
[LOG] SystemI::createSoundInternal             : Format has 1 subsounds.
[LOG] SystemI::createSoundInternal             : Create as FMOD_CREATESAMPLE
[LOG] SystemI::createSoundInternal             : Multi-sample sound (1 subsounds), create a sample container.
[LOG] SystemI::createSoundInternal             : creating subsound 0/1
[LOG] SystemI::createSample                    : mode 02000202 length 36362 samples, lengthbytes 9408
[LOG] SystemI::createSample                    : channels = 2
[LOG] SystemI::createSample                    : output = 0000000064BE24A8
[LOG] OutputSoftware::createSample             : lengthpcm 36362, lengthbytes 9408, channels 2, format 2, freq 48000, mode 0200020a
[LOG] SystemI::createSoundInternal             : No name found in file, use filename.
[LOG] SystemI::createSoundInternal             : done.  OpenState now = FMOD_OPENSTATE_READY.

[LOG] SystemI::createSoundInternal             : filename =  : mode 02000202
[LOG] SystemI::createSoundInternal             : exinfo->cbsize             = 232
[LOG] SystemI::createSoundInternal             : exinfo->length             = 7509536
[LOG] SystemI::createSoundInternal             : exinfo->fileoffset         = 122848
[LOG] SystemI::createSoundInternal             : exinfo->numsubsounds       = 1
[LOG] SystemI::createSoundInternal             : exinfo->inclusionlist      = 000000007E72FBF8
[LOG] SystemI::createSoundInternal             : exinfo->inclusionlistnum   = 1
[LOG] SystemI::createSoundInternal             : exinfo->suggestedsoundtype = 5
[LOG] SystemI::createSoundInternal             : exinfo->useropen           = 00007FF822787110
[LOG] SystemI::createSoundInternal             : exinfo->userclose          = 00007FF8227870E0
[LOG] SystemI::createSoundInternal             : exinfo->userread           = 00007FF8227871E0
[LOG] SystemI::createSoundInternal             : exinfo->userseek           = 00007FF822787290
[LOG] SystemI::createSoundInternal             : exinfo->fileuserdata       = 0000000064A4A3C8
[LOG] SystemI::DSPCodecPoolRegister            : register codec pool for pool type 5
[LOG] SystemI::createSoundInternal             : Format has 1 subsounds.
[LOG] SystemI::createSoundInternal             : Create as FMOD_CREATESAMPLE
[LOG] SystemI::createSoundInternal             : Multi-sample sound (1 subsounds), create a sample container.
[LOG] SystemI::createSoundInternal             : creating subsound 0/1
[LOG] SystemI::createSample                    : mode 02000202 length 55170 samples, lengthbytes 15232
[LOG] SystemI::createSample                    : channels = 2
[LOG] SystemI::createSample                    : output = 0000000064BE24A8
[LOG] OutputSoftware::createSample             : lengthpcm 55170, lengthbytes 15232, channels 2, format 2, freq 48000, mode 0200020a
[LOG] SystemI::createSoundInternal             : No name found in file, use filename.
[LOG] SystemI::createSoundInternal             : done.  OpenState now = FMOD_OPENSTATE_READY.

[LOG] SystemI::createSoundInternal             : filename =  : mode 02000202
[LOG] SystemI::createSoundInternal             : exinfo->cbsize             = 232
[LOG] SystemI::createSoundInternal             : exinfo->length             = 7509536
[LOG] SystemI::createSoundInternal             : exinfo->fileoffset         = 122848
[LOG] SystemI::createSoundInternal             : exinfo->numsubsounds       = 1
[LOG] SystemI::createSoundInternal             : exinfo->inclusionlist      = 000000007E72FBF8
[LOG] SystemI::createSoundInternal             : exinfo->inclusionlistnum   = 1
[LOG] SystemI::createSoundInternal             : exinfo->suggestedsoundtype = 5
[LOG] SystemI::createSoundInternal             : exinfo->useropen           = 00007FF822787110
[LOG] SystemI::createSoundInternal             : exinfo->userclose          = 00007FF8227870E0
[LOG] SystemI::createSoundInternal             : exinfo->userread           = 00007FF8227871E0
[LOG] SystemI::createSoundInternal             : exinfo->userseek           = 00007FF822787290
[LOG] SystemI::createSoundInternal             : exinfo->fileuserdata       = 0000000064A4A3C8
[LOG] SystemI::DSPCodecPoolRegister            : register codec pool for pool type 5
[LOG] SystemI::createSoundInternal             : Format has 1 subsounds.
[LOG] SystemI::createSoundInternal             : Create as FMOD_CREATESAMPLE
[LOG] SystemI::createSoundInternal             : Multi-sample sound (1 subsounds), create a sample container.
[LOG] SystemI::createSoundInternal             : creating subsound 0/1
[LOG] SystemI::createSample                    : mode 02000202 length 53916 samples, lengthbytes 15808
[LOG] SystemI::createSample                    : channels = 2
[LOG] SystemI::createSample                    : output = 0000000064BE24A8
[LOG] OutputSoftware::createSample             : lengthpcm 53916, lengthbytes 15808, channels 2, format 2, freq 48000, mode 0200020a
[LOG] SystemI::createSoundInternal             : No name found in file, use filename.
[LOG] SystemI::createSoundInternal             : done.  OpenState now = FMOD_OPENSTATE_READY.

[LOG] SystemI::createSoundInternal             : filename =  : mode 02000202
[LOG] SystemI::createSoundInternal             : exinfo->cbsize             = 232
[LOG] SystemI::createSoundInternal             : exinfo->length             = 7509536
[LOG] SystemI::createSoundInternal             : exinfo->fileoffset         = 122848
[LOG] SystemI::createSoundInternal             : exinfo->numsubsounds       = 1
[LOG] SystemI::createSoundInternal             : exinfo->inclusionlist      = 000000007E72FBF8
[LOG] SystemI::createSoundInternal             : exinfo->inclusionlistnum   = 1
[LOG] SystemI::createSoundInternal             : exinfo->suggestedsoundtype = 5
[LOG] SystemI::createSoundInternal             : exinfo->useropen           = 00007FF822787110
[LOG] SystemI::createSoundInternal             : exinfo->userclose          = 00007FF8227870E0
[LOG] SystemI::createSoundInternal             : exinfo->userread           = 00007FF8227871E0
[LOG] SystemI::createSoundInternal             : exinfo->userseek           = 00007FF822787290
[LOG] SystemI::createSoundInternal             : exinfo->fileuserdata       = 0000000064A4A3C8
[LOG] SystemI::DSPCodecPoolRegister            : register codec pool for pool type 5
[LOG] SystemI::createSoundInternal             : Format has 1 subsounds.
[LOG] SystemI::createSoundInternal             : Create as FMOD_CREATESAMPLE
[LOG] SystemI::createSoundInternal             : Multi-sample sound (1 subsounds), create a sample container.
[LOG] SystemI::createSoundInternal             : creating subsound 0/1
[LOG] SystemI::createSample                    : mode 02000202 length 41377 samples, lengthbytes 11040
[LOG] SystemI::createSample                    : channels = 2
[LOG] SystemI::createSample                    : output = 0000000064BE24A8
[LOG] OutputSoftware::createSample             : lengthpcm 41377, lengthbytes 11040, channels 2, format 2, freq 48000, mode 0200020a
[LOG] SystemI::createSoundInternal             : No name found in file, use filename.
[LOG] SystemI::createSoundInternal             : done.  OpenState now = FMOD_OPENSTATE_READY.

[LOG] SystemI::createSoundInternal             : filename =  : mode 02000202
[LOG] SystemI::createSoundInternal             : exinfo->cbsize             = 232
[LOG] SystemI::createSoundInternal             : exinfo->length             = 7509536
[LOG] SystemI::createSoundInternal             : exinfo->fileoffset         = 122848
[LOG] SystemI::createSoundInternal             : exinfo->numsubsounds       = 1
[LOG] SystemI::createSoundInternal             : exinfo->inclusionlist      = 000000007E72FBF8
[LOG] SystemI::createSoundInternal             : exinfo->inclusionlistnum   = 1
[LOG] SystemI::createSoundInternal             : exinfo->suggestedsoundtype = 5
[LOG] SystemI::createSoundInternal             : exinfo->useropen           = 00007FF822787110
[LOG] SystemI::createSoundInternal             : exinfo->userclose          = 00007FF8227870E0
[LOG] SystemI::createSoundInternal             : exinfo->userread           = 00007FF8227871E0
[LOG] SystemI::createSoundInternal             : exinfo->userseek           = 00007FF822787290
[LOG] SystemI::createSoundInternal             : exinfo->fileuserdata       = 0000000064A4A3C8
[LOG] SystemI::DSPCodecPoolRegister            : register codec pool for pool type 5
[LOG] SystemI::createSoundInternal             : Format has 1 subsounds.
[LOG] SystemI::createSoundInternal             : Create as FMOD_CREATESAMPLE
[LOG] SystemI::createSoundInternal             : Multi-sample sound (1 subsounds), create a sample container.
[LOG] SystemI::createSoundInternal             : creating subsound 0/1
[LOG] SystemI::createSample                    : mode 02000202 length 42631 samples, lengthbytes 11648
[LOG] SystemI::createSample                    : channels = 2
[LOG] SystemI::createSample                    : output = 0000000064BE24A8
[LOG] OutputSoftware::createSample             : lengthpcm 42631, lengthbytes 11648, channels 2, format 2, freq 48000, mode 0200020a
[LOG] SystemI::createSoundInternal             : No name found in file, use filename.
[LOG] SystemI::createSoundInternal             : done.  OpenState now = FMOD_OPENSTATE_READY.

[LOG] SystemI::createSoundInternal             : filename =  : mode 02000202
[LOG] SystemI::createSoundInternal             : exinfo->cbsize             = 232
[LOG] SystemI::createSoundInternal             : exinfo->length             = 7509536
[LOG] SystemI::createSoundInternal             : exinfo->fileoffset         = 122848
[LOG] SystemI::createSoundInternal             : exinfo->numsubsounds       = 1
[LOG] SystemI::createSoundInternal             : exinfo->inclusionlist      = 000000007E72FBF8
[LOG] SystemI::createSoundInternal             : exinfo->inclusionlistnum   = 1
[LOG] SystemI::createSoundInternal             : exinfo->suggestedsoundtype = 5
[LOG] SystemI::createSoundInternal             : exinfo->useropen           = 00007FF822787110
[LOG] SystemI::createSoundInternal             : exinfo->userclose          = 00007FF8227870E0
[LOG] SystemI::createSoundInternal             : exinfo->userread           = 00007FF8227871E0
[LOG] SystemI::createSoundInternal             : exinfo->userseek           = 00007FF822787290
[LOG] SystemI::createSoundInternal             : exinfo->fileuserdata       = 0000000064A4A3C8
[LOG] SystemI::DSPCodecPoolRegister            : register codec pool for pool type 5
[LOG] SystemI::createSoundInternal             : Format has 1 subsounds.
[LOG] SystemI::createSoundInternal             : Create as FMOD_CREATESAMPLE
[LOG] SystemI::createSoundInternal             : Multi-sample sound (1 subsounds), create a sample container.
[LOG] SystemI::createSoundInternal             : creating subsound 0/1
[LOG] SystemI::createSample                    : mode 02000202 length 43885 samples, lengthbytes 12352
[LOG] SystemI::createSample                    : channels = 2
[LOG] SystemI::createSample                    : output = 0000000064BE24A8
[LOG] OutputSoftware::createSample             : lengthpcm 43885, lengthbytes 12352, channels 2, format 2, freq 48000, mode 0200020a
[LOG] SystemI::createSoundInternal             : No name found in file, use filename.
[LOG] SystemI::createSoundInternal             : done.  OpenState now = FMOD_OPENSTATE_READY.

[LOG] SystemI::createSoundInternal             : filename =  : mode 02000202
[LOG] SystemI::createSoundInternal             : exinfo->cbsize             = 232
[LOG] SystemI::createSoundInternal             : exinfo->length             = 7509536
[LOG] SystemI::createSoundInternal             : exinfo->fileoffset         = 122848
[LOG] SystemI::createSoundInternal             : exinfo->numsubsounds       = 1
[LOG] SystemI::createSoundInternal             : exinfo->inclusionlist      = 000000007E72FBF8
[LOG] SystemI::createSoundInternal             : exinfo->inclusionlistnum   = 1
[LOG] SystemI::createSoundInternal             : exinfo->suggestedsoundtype = 5
[LOG] SystemI::createSoundInternal             : exinfo->useropen           = 00007FF822787110
[LOG] SystemI::createSoundInternal             : exinfo->userclose          = 00007FF8227870E0
[LOG] SystemI::createSoundInternal             : exinfo->userread           = 00007FF8227871E0
[LOG] SystemI::createSoundInternal             : exinfo->userseek           = 00007FF822787290
[LOG] SystemI::createSoundInternal             : exinfo->fileuserdata       = 0000000064A4A3C8
[LOG] SystemI::DSPCodecPoolRegister            : register codec pool for pool type 5
[LOG] SystemI::createSoundInternal             : Format has 1 subsounds.
[LOG] SystemI::createSoundInternal             : Create as FMOD_CREATESAMPLE
[LOG] SystemI::createSoundInternal             : Multi-sample sound (1 subsounds), create a sample container.
[LOG] SystemI::createSoundInternal             : creating subsound 0/1
[LOG] SystemI::createSample                    : mode 02000202 length 33854 samples, lengthbytes 9952
[LOG] SystemI::createSample                    : channels = 2
[LOG] SystemI::createSample                    : output = 0000000064BE24A8
[LOG] OutputSoftware::createSample             : lengthpcm 33854, lengthbytes 9952, channels 2, format 2, freq 48000, mode 0200020a
[LOG] SystemI::createSoundInternal             : No name found in file, use filename.
[LOG] SystemI::createSoundInternal             : done.  OpenState now = FMOD_OPENSTATE_READY.

[LOG] SystemI::createSoundInternal             : filename =  : mode 02000202
[LOG] SystemI::createSoundInternal             : exinfo->cbsize             = 232
[LOG] SystemI::createSoundInternal             : exinfo->length             = 7509536
[LOG] SystemI::createSoundInternal             : exinfo->fileoffset         = 122848
[LOG] SystemI::createSoundInternal             : exinfo->numsubsounds       = 1
[LOG] SystemI::createSoundInternal             : exinfo->inclusionlist      = 000000007E72FBF8
[LOG] SystemI::createSoundInternal             : exinfo->inclusionlistnum   = 1
[LOG] SystemI::createSoundInternal             : exinfo->suggestedsoundtype = 5
[LOG] SystemI::createSoundInternal             : exinfo->useropen           = 00007FF822787110
[LOG] SystemI::createSoundInternal             : exinfo->userclose          = 00007FF8227870E0
[LOG] SystemI::createSoundInternal             : exinfo->userread           = 00007FF8227871E0
[LOG] SystemI::createSoundInternal             : exinfo->userseek           = 00007FF822787290
[LOG] SystemI::createSoundInternal             : exinfo->fileuserdata       = 0000000064A470C8
[LOG] SystemI::DSPCodecPoolRegister            : register codec pool for pool type 5
[LOG] SystemI::createSoundInternal             : Format has 1 subsounds.
[LOG] SystemI::createSoundInternal             : Create as FMOD_CREATESAMPLE
[LOG] SystemI::createSoundInternal             : Multi-sample sound (1 subsounds), create a sample container.
[LOG] SystemI::createSoundInternal             : creating subsound 0/1
[LOG] SystemI::createSample                    : mode 02000202 length 87771 samples, lengthbytes 19744
[LOG] SystemI::createSample                    : channels = 2
[LOG] SystemI::createSample                    : output = 0000000064BE24A8
[LOG] OutputSoftware::createSample             : lengthpcm 87771, lengthbytes 19744, channels 2, format 2, freq 48000, mode 0200020a
[LOG] SystemI::createSoundInternal             : No name found in file, use filename.
[LOG] SystemI::createSoundInternal             : done.  OpenState now = FMOD_OPENSTATE_READY.

[LOG] SystemI::createSoundInternal             : filename =  : mode 02000202
[LOG] SystemI::createSoundInternal             : exinfo->cbsize             = 232
[LOG] SystemI::createSoundInternal             : exinfo->length             = 7509536
[LOG] SystemI::createSoundInternal             : exinfo->fileoffset         = 122848
[LOG] SystemI::createSoundInternal             : exinfo->numsubsounds       = 1
[LOG] SystemI::createSoundInternal             : exinfo->inclusionlist      = 000000007E72FBF8
[LOG] SystemI::createSoundInternal             : exinfo->inclusionlistnum   = 1
[LOG] SystemI::createSoundInternal             : exinfo->suggestedsoundtype = 5
[LOG] SystemI::createSoundInternal             : exinfo->useropen           = 00007FF822787110
[LOG] SystemI::createSoundInternal             : exinfo->userclose          = 00007FF8227870E0
[LOG] SystemI::createSoundInternal             : exinfo->userread           = 00007FF8227871E0
[LOG] SystemI::createSoundInternal             : exinfo->userseek           = 00007FF822787290
[LOG] SystemI::createSoundInternal             : exinfo->fileuserdata       = 0000000064A470C8
[LOG] SystemI::DSPCodecPoolRegister            : register codec pool for pool type 5
[LOG] SystemI::createSoundInternal             : Format has 1 subsounds.
[LOG] SystemI::createSoundInternal             : Create as FMOD_CREATESAMPLE
[LOG] SystemI::createSoundInternal             : Multi-sample sound (1 subsounds), create a sample container.
[LOG] SystemI::createSoundInternal             : creating subsound 0/1
[LOG] SystemI::createSample                    : mode 02000202 length 27585 samples, lengthbytes 6624
[LOG] SystemI::createSample                    : channels = 2
[LOG] SystemI::createSample                    : output = 0000000064BE24A8
[LOG] OutputSoftware::createSample             : lengthpcm 27585, lengthbytes 6624, channels 2, format 2, freq 48000, mode 0200020a
[LOG] SystemI::createSoundInternal             : No name found in file, use filename.
[LOG] SystemI::createSoundInternal             : done.  OpenState now = FMOD_OPENSTATE_READY.

[LOG] SystemI::createSoundInternal             : filename =  : mode 02000202
[LOG] SystemI::createSoundInternal             : exinfo->cbsize             = 232
[LOG] SystemI::createSoundInternal             : exinfo->length             = 7509536
[LOG] SystemI::createSoundInternal             : exinfo->fileoffset         = 122848
[LOG] SystemI::createSoundInternal             : exinfo->numsubsounds       = 1
[LOG] SystemI::createSoundInternal             : exinfo->inclusionlist      = 000000007E72FBF8
[LOG] SystemI::createSoundInternal             : exinfo->inclusionlistnum   = 1
[LOG] SystemI::createSoundInternal             : exinfo->suggestedsoundtype = 5
[LOG] SystemI::createSoundInternal             : exinfo->useropen           = 00007FF822787110
[LOG] SystemI::createSoundInternal             : exinfo->userclose          = 00007FF8227870E0
[LOG] SystemI::createSoundInternal             : exinfo->userread           = 00007FF8227871E0
[LOG] SystemI::createSoundInternal             : exinfo->userseek           = 00007FF822787290
[LOG] SystemI::createSoundInternal             : exinfo->fileuserdata       = 0000000064A470C8
[LOG] SystemI::DSPCodecPoolRegister            : register codec pool for pool type 5
[LOG] SystemI::createSoundInternal             : Format has 1 subsounds.
[LOG] SystemI::createSoundInternal             : Create as FMOD_CREATESAMPLE
[LOG] SystemI::createSoundInternal             : Multi-sample sound (1 subsounds), create a sample container.
[LOG] SystemI::createSoundInternal             : creating subsound 0/1
[LOG] SystemI::createSample                    : mode 02000202 length 92786 samples, lengthbytes 18432
[LOG] SystemI::createSample                    : channels = 2
[LOG] SystemI::createSample                    : output = 0000000064BE24A8
[LOG] OutputSoftware::createSample             : lengthpcm 92786, lengthbytes 18432, channels 2, format 2, freq 48000, mode 0200020a
[LOG] SystemI::createSoundInternal             : No name found in file, use filename.
[LOG] SystemI::createSoundInternal             : done.  OpenState now = FMOD_OPENSTATE_READY.

[LOG] SoundI::release                          : Bugging Out - Fase 1 Final Mix (0000000043D78368)
[LOG] SoundI::release                          : remove stream samples. (0000000043D78368)
[LOG] SoundI::release                          :     Bugging Out - Fase 1 Final Mix (0000000064B0D8D8)
[LOG] SoundI::release                          :     done
[LOG] SoundI::release                          : release subsounds. (0000000043D78368)
[LOG] SoundI::release                          :     Bugging Out - Fase 1 Final Mix (0000000043D78518)
[LOG] SoundI::release                          :     done
[LOG] SoundI::release                          : release codec. (0000000043D78368)
[LOG] SoundI::release                          : done
[LOG] SoundI::release                          :  (00000000652E9978)
[LOG] SoundI::release                          : release subsounds. (00000000652E9978)
[LOG] SoundI::release                          :     ObjetoQuebrando_06 (0000000064B0D598)
[LOG] SoundI::release                          :     done
[LOG] SoundI::release                          : release codec. (00000000652E9978)
[LOG] SoundI::release                          : done
[LOG] SoundI::release                          :  (00000000652E9248)
[LOG] SoundI::release                          : release subsounds. (00000000652E9248)
[LOG] SoundI::release                          :     ObjetoQuebrando_04 (00000000652F5E88)
[LOG] SoundI::release                          :     done
[LOG] SoundI::release                          : release codec. (00000000652E9248)
[LOG] SoundI::release                          : done
[LOG] SoundI::release                          :  (00000000652E90D8)
[LOG] SoundI::release                          : release subsounds. (00000000652E90D8)
[LOG] SoundI::release                          :     ObjetoQuebrando_05 (0000000064B0D3F8)
[LOG] SoundI::release                          :     done
[LOG] SoundI::release                          : release codec. (00000000652E90D8)
[LOG] SoundI::release                          : done
[LOG] SoundI::release                          :  (0000000065218A68)
[LOG] SoundI::release                          : release subsounds. (0000000065218A68)
[LOG] SoundI::release                          :     TampaDeMetal_01 (00000000652DD548)
[LOG] SoundI::release                          :     done
[LOG] SoundI::release                          : release codec. (0000000065218A68)
[LOG] SoundI::release                          : done
[LOG] SoundI::release                          :  (0000000065218338)
[LOG] SoundI::release                          : release subsounds. (0000000065218338)
[LOG] SoundI::release                          :     TampaDeMetal_02 (00000000652C4AE8)
[LOG] SoundI::release                          :     done
[LOG] SoundI::release                          : release codec. (0000000065218338)
[LOG] SoundI::release                          : done
[LOG] SoundI::release                          :  (0000000065219BA8)
[LOG] SoundI::release                          : release subsounds. (0000000065219BA8)
[LOG] SoundI::release                          :     TampaDeMetal_03 (00000000652C3908)
[LOG] SoundI::release                          :     done
[LOG] SoundI::release                          : release codec. (0000000065219BA8)
[LOG] SoundI::release                          : done
[LOG] SoundI::release                          :  (00000000652184A8)
[LOG] SoundI::release                          : release subsounds. (00000000652184A8)
[LOG] SoundI::release                          :     TampaDeMetal_04 (00000000652C42C8)
[LOG] SoundI::release                          :     done
[LOG] SoundI::release                          : release codec. (00000000652184A8)
[LOG] SoundI::release                          : done
[LOG] SoundI::release                          :  (00000000652EA0A8)
[LOG] SoundI::release                          : release subsounds. (00000000652EA0A8)
[LOG] SoundI::release                          :     TampaDeMetal_05 (00000000652C3DE8)
[LOG] SoundI::release                          :     done
[LOG] SoundI::release                          : release codec. (00000000652EA0A8)
[LOG] SoundI::release                          : done
[LOG] SoundI::release                          :  (0000000065219028)
[LOG] SoundI::release                          : release subsounds. (0000000065219028)
[LOG] SoundI::release                          :     TampaDeMetal_06 (00000000652C35C8)
[LOG] SoundI::release                          :     done
[LOG] SoundI::release                          : release codec. (0000000065219028)
[LOG] SoundI::release                          : done
[LOG] SoundI::release                          :  (00000000652E9808)
[LOG] SoundI::release                          : release subsounds. (00000000652E9808)
[LOG] SoundI::release                          :     TampaDeMetal_07 (0000000064B0DC18)
[LOG] SoundI::release                          :     done
[LOG] SoundI::release                          : release codec. (00000000652E9808)
[LOG] SoundI::release                          : done
[LOG] SoundI::release                          :  (0000000065219308)
[LOG] SoundI::release                          : release subsounds. (0000000065219308)
[LOG] SoundI::release                          :     TampaDeMetal_08 (00000000652C4E28)
[LOG] SoundI::release                          :     done
[LOG] SoundI::release                          : release codec. (0000000065219308)
[LOG] SoundI::release                          : done
[LOG] SoundI::release                          :  (0000000065218EB8)
[LOG] SoundI::release                          : release subsounds. (0000000065218EB8)
[LOG] SoundI::release                          :     TampaDeMetal_09 (00000000652DCEC8)
[LOG] SoundI::release                          :     done
[LOG] SoundI::release                          : release codec. (0000000065218EB8)
[LOG] SoundI::release                          : done
[LOG] SoundI::release                          :  (0000000065218D48)
[LOG] SoundI::release                          : release subsounds. (0000000065218D48)
[LOG] SoundI::release                          :     TampaDeMetal_10 (00000000652DD888)
[LOG] SoundI::release                          :     done
[LOG] SoundI::release                          : release codec. (0000000065218D48)
[LOG] SoundI::release                          : done
[LOG] SoundI::release                          :  (00000000652E9C58)
[LOG] SoundI::release                          : release subsounds. (00000000652E9C58)
[LOG] SoundI::release                          :     TampaDeMetal_11 (00000000652C3F88)
[LOG] SoundI::release                          :     done
[LOG] SoundI::release                          : release codec. (00000000652E9C58)
[LOG] SoundI::release                          : done
[LOG] SoundI::release                          :  (0000000065218618)
[LOG] SoundI::release                          : release subsounds. (0000000065218618)
[LOG] SoundI::release                          :     TampaDeMetal_12 (00000000652C4C88)
[LOG] SoundI::release                          :     done
[LOG] SoundI::release                          : release codec. (0000000065218618)
[LOG] SoundI::release                          : done
[LOG] SoundI::release                          :  (0000000065219478)
[LOG] SoundI::release                          : release subsounds. (0000000065219478)
[LOG] SoundI::release                          :     DominoHit_01 (000000003BE4F668)
[LOG] SoundI::release                          :     done
[LOG] SoundI::release                          : release codec. (0000000065219478)
[LOG] SoundI::release                          : done
[LOG] SoundI::release                          :  (00000000652195E8)
[LOG] SoundI::release                          : release subsounds. (00000000652195E8)
[LOG] SoundI::release                          :     DominoHit_02 (00000000652C4FC8)
[LOG] SoundI::release                          :     done
[LOG] SoundI::release                          : release codec. (00000000652195E8)
[LOG] SoundI::release                          : done
[LOG] SoundI::release                          :  (0000000065217D78)
[LOG] SoundI::release                          : release subsounds. (0000000065217D78)
[LOG] SoundI::release                          :     DominoHit_03 (00000000652C4468)
[LOG] SoundI::release                          :     done
[LOG] SoundI::release                          : release codec. (0000000065217D78)
[LOG] SoundI::release                          : done
[LOG] SoundI::release                          :  (0000000065219198)
[LOG] SoundI::release                          : release subsounds. (0000000065219198)
[LOG] SoundI::release                          :     DominoHit_04 (0000000064B0DA78)
[LOG] SoundI::release                          :     done
[LOG] SoundI::release                          : release codec. (0000000065219198)
[LOG] SoundI::release                          : done
[LOG] SoundI::release                          :  (00000000652188F8)
[LOG] SoundI::release                          : release subsounds. (00000000652188F8)
[LOG] SoundI::release                          :     DominoHit_05 (00000000652C3768)
[LOG] SoundI::release                          :     done
[LOG] SoundI::release                          : release codec. (00000000652188F8)
[LOG] SoundI::release                          : done
[LOG] SoundI::release                          :  (0000000065218058)
[LOG] SoundI::release                          : release subsounds. (0000000065218058)
[LOG] SoundI::release                          :     DominoHit_06 (00000000652C3C48)
[LOG] SoundI::release                          :     done
[LOG] SoundI::release                          : release codec. (0000000065218058)
[LOG] SoundI::release                          : done
[LOG] SoundI::release                          :  (0000000065217EE8)
[LOG] SoundI::release                          : release subsounds. (0000000065217EE8)
[LOG] SoundI::release                          :     DominoHit_07 (00000000652C4948)
[LOG] SoundI::release                          :     done
[LOG] SoundI::release                          : release codec. (0000000065217EE8)
[LOG] SoundI::release                          : done
[LOG] SoundI::release                          :  (0000000065219A38)
[LOG] SoundI::release                          : release subsounds. (0000000065219A38)
[LOG] SoundI::release                          :     DominoHit_08 (000000003BE4F188)
[LOG] SoundI::release                          :     done
[LOG] SoundI::release                          : release codec. (0000000065219A38)
[LOG] SoundI::release                          : done
[LOG] Thread::callback                         : FMOD Studio update thread finished.
[LOG] Thread::callback                         : FMOD Studio bank load thread finished.
[LOG] Profile::disconnectAll                   : Profiler disconnecting all clients
[LOG] Thread::callback                         : FMOD Studio sample load thread finished.
[LOG] LiveUpdate::release                      : 
[LOG] LiveUpdate::reset                        : Reset connection (reason Disconnected)
[LOG] SystemI::close                           : 
[LOG] SystemI::close                           : Stop all sounds
[LOG] Thread::callback                         : FMOD stream thread finished.
[LOG] SystemI::close                           : Stream thread destroyed
[LOG] Thread::callback                         : FMOD mixer thread finished.
[LOG] SystemI::close                           : Free master channel group.
[LOG] SystemI::close                           : Remove 'master' sound group.
[LOG] SystemI::close                           : Free software output.
[LOG] SystemI::close                           : Free emulated output.
[LOG] SystemI::close                           : Free channel pool.
[LOG] Thread::callback                         : FMOD nonblocking thread (0) finished.
[LOG] Thread::callback                         : FMOD file thread finished.
[LOG] SystemI::close                           : done.

